<?xml version="1.0" encoding="UTF-8"?>
<testsuite name="example.imageUpload.domain.ImageUploadTest" tests="3" skipped="0" failures="0" errors="0" timestamp="2022-05-07T03:36:50" hostname="DESKTOP-CJFM7H2" time="0.288">
  <properties/>
  <testcase name="createImageUploadTest()" classname="example.imageUpload.domain.ImageUploadTest" time="0.253"/>
  <testcase name="createImageUploadListTest()" classname="example.imageUpload.domain.ImageUploadTest" time="0.027"/>
  <testcase name="pathTest()" classname="example.imageUpload.domain.ImageUploadTest" time="0.007"/>
  <system-out><![CDATA[12:36:50.669 [Test worker] DEBUG org.springframework.test.util.ReflectionTestUtils - Getting field 'originFilename' from target object [example.imageUpload.domain.ImageUpload@5ccbeb64] or target class [class example.imageUpload.domain.ImageUpload]
URL : file:/C:/Users/dy/spring_study/imageUpload/imageUpload/build/resources/main/img/404.png
fileInputStream : java.io.FileInputStream@163d04ff
]]></system-out>
  <system-err><![CDATA[]]></system-err>
</testsuite>
