<?xml version="1.0" encoding="UTF-8"?>
<testsuite name="hello.jdbc.JdbcApplicationTests" tests="1" skipped="0" failures="0" errors="0" timestamp="2022-04-25T06:45:51" hostname="DESKTOP-CJFM7H2" time="0.491">
  <properties/>
  <testcase name="contextLoads()" classname="hello.jdbc.JdbcApplicationTests" time="0.491"/>
  <system-out><![CDATA[15:45:50.323 [Test worker] DEBUG org.springframework.test.context.BootstrapUtils - Instantiating CacheAwareContextLoaderDelegate from class [org.springframework.test.context.cache.DefaultCacheAwareContextLoaderDelegate]
15:45:50.335 [Test worker] DEBUG org.springframework.test.context.BootstrapUtils - Instantiating BootstrapContext using constructor [public org.springframework.test.context.support.DefaultBootstrapContext(java.lang.Class,org.springframework.test.context.CacheAwareContextLoaderDelegate)]
15:45:50.382 [Test worker] DEBUG org.springframework.test.context.BootstrapUtils - Instantiating TestContextBootstrapper for test class [hello.jdbc.JdbcApplicationTests] from class [org.springframework.boot.test.context.SpringBootTestContextBootstrapper]
15:45:50.394 [Test worker] INFO org.springframework.boot.test.context.SpringBootTestContextBootstrapper - Neither @ContextConfiguration nor @ContextHierarchy found for test class [hello.jdbc.JdbcApplicationTests], using SpringBootContextLoader
15:45:50.405 [Test worker] DEBUG org.springframework.test.context.support.AbstractContextLoader - Did not detect default resource location for test class [hello.jdbc.JdbcApplicationTests]: class path resource [hello/jdbc/JdbcApplicationTests-context.xml] does not exist
15:45:50.405 [Test worker] DEBUG org.springframework.test.context.support.AbstractContextLoader - Did not detect default resource location for test class [hello.jdbc.JdbcApplicationTests]: class path resource [hello/jdbc/JdbcApplicationTestsContext.groovy] does not exist
15:45:50.405 [Test worker] INFO org.springframework.test.context.support.AbstractContextLoader - Could not detect default resource locations for test class [hello.jdbc.JdbcApplicationTests]: no resource found for suffixes {-context.xml, Context.groovy}.
15:45:50.406 [Test worker] INFO org.springframework.test.context.support.AnnotationConfigContextLoaderUtils - Could not detect default configuration classes for test class [hello.jdbc.JdbcApplicationTests]: JdbcApplicationTests does not declare any static, non-private, non-final, nested classes annotated with @Configuration.
15:45:50.456 [Test worker] DEBUG org.springframework.test.context.support.ActiveProfilesUtils - Could not find an 'annotation declaring class' for annotation type [org.springframework.test.context.ActiveProfiles] and class [hello.jdbc.JdbcApplicationTests]
15:45:50.540 [Test worker] DEBUG org.springframework.context.annotation.ClassPathScanningCandidateComponentProvider - Identified candidate component class: file [C:\Users\dy\spring_study\codeSample\JPA\jdbc\build\classes\java\main\hello\jdbc\JdbcApplication.class]
15:45:50.541 [Test worker] INFO org.springframework.boot.test.context.SpringBootTestContextBootstrapper - Found @SpringBootConfiguration hello.jdbc.JdbcApplication for test class hello.jdbc.JdbcApplicationTests
15:45:50.668 [Test worker] DEBUG org.springframework.boot.test.context.SpringBootTestContextBootstrapper - @TestExecutionListeners is not present for class [hello.jdbc.JdbcApplicationTests]: using defaults.
15:45:50.669 [Test worker] INFO org.springframework.boot.test.context.SpringBootTestContextBootstrapper - Loaded default TestExecutionListener class names from location [META-INF/spring.factories]: [org.springframework.boot.test.autoconfigure.restdocs.RestDocsTestExecutionListener, org.springframework.boot.test.autoconfigure.web.client.MockRestServiceServerResetTestExecutionListener, org.springframework.boot.test.autoconfigure.web.servlet.MockMvcPrintOnlyOnFailureTestExecutionListener, org.springframework.boot.test.autoconfigure.web.servlet.WebDriverTestExecutionListener, org.springframework.boot.test.autoconfigure.webservices.client.MockWebServiceServerTestExecutionListener, org.springframework.boot.test.mock.mockito.MockitoTestExecutionListener, org.springframework.boot.test.mock.mockito.ResetMocksTestExecutionListener, org.springframework.test.context.web.ServletTestExecutionListener, org.springframework.test.context.support.DirtiesContextBeforeModesTestExecutionListener, org.springframework.test.context.event.ApplicationEventsTestExecutionListener, org.springframework.test.context.support.DependencyInjectionTestExecutionListener, org.springframework.test.context.support.DirtiesContextTestExecutionListener, org.springframework.test.context.transaction.TransactionalTestExecutionListener, org.springframework.test.context.jdbc.SqlScriptsTestExecutionListener, org.springframework.test.context.event.EventPublishingTestExecutionListener]
15:45:50.686 [Test worker] DEBUG org.springframework.boot.test.context.SpringBootTestContextBootstrapper - Skipping candidate TestExecutionListener [org.springframework.test.context.web.ServletTestExecutionListener] due to a missing dependency. Specify custom listener classes or make the default listener classes and their required dependencies available. Offending class: [javax/servlet/ServletContext]
15:45:50.755 [Test worker] INFO org.springframework.boot.test.context.SpringBootTestContextBootstrapper - Using TestExecutionListeners: [org.springframework.test.context.support.DirtiesContextBeforeModesTestExecutionListener@3b1bb3ab, org.springframework.test.context.event.ApplicationEventsTestExecutionListener@5a4bef8, org.springframework.boot.test.mock.mockito.MockitoTestExecutionListener@40bffbca, org.springframework.boot.test.autoconfigure.SpringBootDependencyInjectionTestExecutionListener@2449cff7, org.springframework.test.context.support.DirtiesContextTestExecutionListener@42a9a63e, org.springframework.test.context.transaction.TransactionalTestExecutionListener@62da83ed, org.springframework.test.context.jdbc.SqlScriptsTestExecutionListener@5d8445d7, org.springframework.test.context.event.EventPublishingTestExecutionListener@37d80fe7, org.springframework.boot.test.autoconfigure.restdocs.RestDocsTestExecutionListener@384fc774, org.springframework.boot.test.autoconfigure.web.client.MockRestServiceServerResetTestExecutionListener@e3cee7b, org.springframework.boot.test.autoconfigure.web.servlet.MockMvcPrintOnlyOnFailureTestExecutionListener@71e9a896, org.springframework.boot.test.autoconfigure.web.servlet.WebDriverTestExecutionListener@6b9267b, org.springframework.boot.test.autoconfigure.webservices.client.MockWebServiceServerTestExecutionListener@408b35bf, org.springframework.boot.test.mock.mockito.ResetMocksTestExecutionListener@29ad44e3]
15:45:50.759 [Test worker] DEBUG org.springframework.test.context.support.AbstractDirtiesContextTestExecutionListener - Before test class: context [DefaultTestContext@31500940 testClass = JdbcApplicationTests, testInstance = [null], testMethod = [null], testException = [null], mergedContextConfiguration = [MergedContextConfiguration@1827a871 testClass = JdbcApplicationTests, locations = '{}', classes = '{class hello.jdbc.JdbcApplication}', contextInitializerClasses = '[]', activeProfiles = '{}', propertySourceLocations = '{}', propertySourceProperties = '{org.springframework.boot.test.context.SpringBootTestContextBootstrapper=true}', contextCustomizers = set[org.springframework.boot.test.autoconfigure.actuate.metrics.MetricsExportContextCustomizerFactory$DisableMetricExportContextCustomizer@3d3ba765, org.springframework.boot.test.autoconfigure.properties.PropertyMappingContextCustomizer@0, org.springframework.boot.test.autoconfigure.web.servlet.WebDriverContextCustomizerFactory$Customizer@11981797, org.springframework.boot.test.context.filter.ExcludeFilterContextCustomizer@40f70521, org.springframework.boot.test.json.DuplicateJsonObjectContextCustomizerFactory$DuplicateJsonObjectContextCustomizer@a4ca3f6, org.springframework.boot.test.mock.mockito.MockitoContextCustomizer@0, org.springframework.boot.test.web.client.TestRestTemplateContextCustomizer@20f12539, org.springframework.boot.test.context.SpringBootTestArgs@1, org.springframework.boot.test.context.SpringBootTestWebEnvironment@5167f57d], contextLoader = 'org.springframework.boot.test.context.SpringBootContextLoader', parent = [null]], attributes = map[[empty]]], class annotated with @DirtiesContext [false] with mode [null].
15:45:50.772 [Test worker] DEBUG org.springframework.test.context.support.DependencyInjectionTestExecutionListener - Performing dependency injection for test context [[DefaultTestContext@31500940 testClass = JdbcApplicationTests, testInstance = hello.jdbc.JdbcApplicationTests@5305c37d, testMethod = [null], testException = [null], mergedContextConfiguration = [MergedContextConfiguration@1827a871 testClass = JdbcApplicationTests, locations = '{}', classes = '{class hello.jdbc.JdbcApplication}', contextInitializerClasses = '[]', activeProfiles = '{}', propertySourceLocations = '{}', propertySourceProperties = '{org.springframework.boot.test.context.SpringBootTestContextBootstrapper=true}', contextCustomizers = set[org.springframework.boot.test.autoconfigure.actuate.metrics.MetricsExportContextCustomizerFactory$DisableMetricExportContextCustomizer@3d3ba765, org.springframework.boot.test.autoconfigure.properties.PropertyMappingContextCustomizer@0, org.springframework.boot.test.autoconfigure.web.servlet.WebDriverContextCustomizerFactory$Customizer@11981797, org.springframework.boot.test.context.filter.ExcludeFilterContextCustomizer@40f70521, org.springframework.boot.test.json.DuplicateJsonObjectContextCustomizerFactory$DuplicateJsonObjectContextCustomizer@a4ca3f6, org.springframework.boot.test.mock.mockito.MockitoContextCustomizer@0, org.springframework.boot.test.web.client.TestRestTemplateContextCustomizer@20f12539, org.springframework.boot.test.context.SpringBootTestArgs@1, org.springframework.boot.test.context.SpringBootTestWebEnvironment@5167f57d], contextLoader = 'org.springframework.boot.test.context.SpringBootContextLoader', parent = [null]], attributes = map['org.springframework.test.context.event.ApplicationEventsTestExecutionListener.recordApplicationEvents' -> false]]].

  .   ____          _            __ _ _
 /\\ / ___'_ __ _ _(_)_ __  __ _ \ \ \ \
( ( )\___ | '_ | '_| | '_ \/ _` | \ \ \ \
 \\/  ___)| |_)| | | | | || (_| |  ) ) ) )
  '  |____| .__|_| |_|_| |_\__, | / / / /
 =========|_|==============|___/=/_/_/_/
 :: Spring Boot ::                (v2.6.7)

2022-04-25 15:45:51.067  INFO 6196 --- [    Test worker] hello.jdbc.JdbcApplicationTests          : Starting JdbcApplicationTests using Java 11.0.12 on DESKTOP-CJFM7H2 with PID 6196 (started by dy in C:\Users\dy\spring_study\codeSample\JPA\jdbc)
2022-04-25 15:45:51.069  INFO 6196 --- [    Test worker] hello.jdbc.JdbcApplicationTests          : No active profile set, falling back to 1 default profile: "default"
2022-04-25 15:45:51.898  INFO 6196 --- [    Test worker] hello.jdbc.JdbcApplicationTests          : Started JdbcApplicationTests in 1.097 seconds (JVM running for 2.502)
]]></system-out>
  <system-err><![CDATA[]]></system-err>
</testsuite>
